<?xml version="1.0" encoding="UTF-8"?>
<testng-results ignored="2" total="9" passed="5" failed="2" skipped="0">
  <reporter-output>
  </reporter-output>
  <suite started-at="2020-01-30T21:26:12 EET" name="Command line suite" finished-at="2020-01-30T21:26:33 EET" duration-ms="20877">
    <groups>
    </groups>
    <test started-at="2020-01-30T21:26:12 EET" name="Command line test" finished-at="2020-01-30T21:26:33 EET" duration-ms="20877">
      <class name="ua.alesandrahvozdenko.tests.testNG.TestDemo">
        <test-method is-config="true" signature="setUp2()[pri:0, instance:ua.alesandrahvozdenko.tests.testNG.TestDemo@35841320]" started-at="2020-01-30T21:26:12 EET" name="setUp2" finished-at="2020-01-30T21:26:12 EET" duration-ms="0" status="PASS">
          <reporter-output>
          </reporter-output>
        </test-method> <!-- setUp2 -->
        <test-method signature="UserPageIsDisplayedWithMainElements(java.lang.String, int)[pri:0, instance:ua.alesandrahvozdenko.tests.testNG.TestDemo@35841320]" started-at="2020-01-30T21:26:12 EET" name="UserPageIsDisplayedWithMainElements" data-provider="invalidCredential" finished-at="2020-01-30T21:26:12 EET" duration-ms="0" status="FAIL">
          <exception class="org.testng.TestNGException">
            <message>
              <![CDATA[
Method void ua.alesandrahvozdenko.tests.testNG.TestDemo.UserPageIsDisplayedWithMainElements(java.lang.String,int) requires a @DataProvider named : invalidCredential]]>
            </message>
            <full-stacktrace>
              <![CDATA[org.testng.TestNGException: 
Method void ua.alesandrahvozdenko.tests.testNG.TestDemo.UserPageIsDisplayedWithMainElements(java.lang.String,int) requires a @DataProvider named : invalidCredential
at org.testng.internal.Parameters.findDataProvider(Parameters.java:563)
at org.testng.internal.Parameters.handleParameters(Parameters.java:776)
at org.testng.internal.Parameters.handleParameters(Parameters.java:744)
at org.testng.internal.ParameterHandler.handleParameters(ParameterHandler.java:59)
at org.testng.internal.ParameterHandler.createParameters(ParameterHandler.java:38)
at org.testng.internal.TestInvoker$MethodInvocationAgent.invoke(TestInvoker.java:783)
at org.testng.internal.TestInvoker.invokeTestMethods(TestInvoker.java:146)
at org.testng.internal.TestMethodWorker.invokeTestMethods(TestMethodWorker.java:146)
at org.testng.internal.TestMethodWorker.run(TestMethodWorker.java:128)
at java.base/java.util.ArrayList.forEach(ArrayList.java:1507)
at org.testng.TestRunner.privateRun(TestRunner.java:766)
at org.testng.TestRunner.run(TestRunner.java:587)
at org.testng.SuiteRunner.runTest(SuiteRunner.java:384)
at org.testng.SuiteRunner.runSequentially(SuiteRunner.java:378)
at org.testng.SuiteRunner.privateRun(SuiteRunner.java:337)
at org.testng.SuiteRunner.run(SuiteRunner.java:286)
at org.testng.SuiteRunnerWorker.runSuite(SuiteRunnerWorker.java:53)
at org.testng.SuiteRunnerWorker.run(SuiteRunnerWorker.java:96)
at org.testng.TestNG.runSuitesSequentially(TestNG.java:1187)
at org.testng.TestNG.runSuitesLocally(TestNG.java:1109)
at org.testng.TestNG.runSuites(TestNG.java:1039)
at org.testng.TestNG.run(TestNG.java:1007)
at org.apache.maven.surefire.testng.TestNGExecutor.run(TestNGExecutor.java:77)
at org.apache.maven.surefire.testng.TestNGDirectoryTestSuite.executeMulti(TestNGDirectoryTestSuite.java:159)
at org.apache.maven.surefire.testng.TestNGDirectoryTestSuite.execute(TestNGDirectoryTestSuite.java:99)
at org.apache.maven.surefire.testng.TestNGProvider.invoke(TestNGProvider.java:106)
at java.base/jdk.internal.reflect.NativeMethodAccessorImpl.invoke0(Native Method)
at java.base/jdk.internal.reflect.NativeMethodAccessorImpl.invoke(NativeMethodAccessorImpl.java:62)
at java.base/jdk.internal.reflect.DelegatingMethodAccessorImpl.invoke(DelegatingMethodAccessorImpl.java:43)
at java.base/java.lang.reflect.Method.invoke(Method.java:567)
at org.apache.maven.surefire.util.ReflectionUtils.invokeMethodWithArray(ReflectionUtils.java:189)
at org.apache.maven.surefire.booter.ProviderFactory$ProviderProxy.invoke(ProviderFactory.java:165)
at org.apache.maven.surefire.booter.ProviderFactory.invokeProvider(ProviderFactory.java:85)
at org.apache.maven.surefire.booter.ForkedBooter.runSuitesInProcess(ForkedBooter.java:115)
at org.apache.maven.surefire.booter.ForkedBooter.main(ForkedBooter.java:75)
]]>
            </full-stacktrace>
          </exception> <!-- org.testng.TestNGException -->
          <reporter-output>
          </reporter-output>
        </test-method> <!-- UserPageIsDisplayedWithMainElements -->
        <test-method is-config="true" signature="setUp3()[pri:0, instance:ua.alesandrahvozdenko.tests.testNG.TestDemo@35841320]" started-at="2020-01-30T21:26:12 EET" name="setUp3" finished-at="2020-01-30T21:26:12 EET" duration-ms="0" status="PASS">
          <reporter-output>
          </reporter-output>
        </test-method> <!-- setUp3 -->
        <test-method signature="demoTest1()[pri:0, instance:ua.alesandrahvozdenko.tests.testNG.TestDemo@35841320]" started-at="2020-01-30T21:26:12 EET" name="demoTest1" description=" Помещается тестовый сценарий" finished-at="2020-01-30T21:26:12 EET" duration-ms="2" status="PASS">
          <reporter-output>
          </reporter-output>
        </test-method> <!-- demoTest1 -->
        <test-method is-config="true" signature="tearDoow()[pri:0, instance:ua.alesandrahvozdenko.tests.testNG.TestDemo@35841320]" started-at="2020-01-30T21:26:12 EET" name="tearDoow" finished-at="2020-01-30T21:26:12 EET" duration-ms="1" status="PASS">
          <reporter-output>
          </reporter-output>
        </test-method> <!-- tearDoow -->
        <test-method signature="demoTestDependentOnDemo3()[pri:1, instance:ua.alesandrahvozdenko.tests.testNG.TestDemo@35841320]" started-at="2020-01-30T21:26:33 EET" name="demoTestDependentOnDemo3" finished-at="2020-01-30T21:26:33 EET" duration-ms="0" status="PASS">
          <reporter-output>
          </reporter-output>
        </test-method> <!-- demoTestDependentOnDemo3 -->
        <test-method is-config="true" signature="tearDoow()[pri:0, instance:ua.alesandrahvozdenko.tests.testNG.TestDemo@35841320]" started-at="2020-01-30T21:26:33 EET" name="tearDoow" finished-at="2020-01-30T21:26:33 EET" duration-ms="1" status="PASS">
          <reporter-output>
          </reporter-output>
        </test-method> <!-- tearDoow -->
        <test-method is-config="true" signature="setUp3()[pri:0, instance:ua.alesandrahvozdenko.tests.testNG.TestDemo@35841320]" started-at="2020-01-30T21:26:33 EET" name="setUp3" finished-at="2020-01-30T21:26:33 EET" duration-ms="0" status="PASS">
          <reporter-output>
          </reporter-output>
        </test-method> <!-- setUp3 -->
        <test-method is-config="true" signature="setUp3()[pri:0, instance:ua.alesandrahvozdenko.tests.testNG.TestDemo@35841320]" started-at="2020-01-30T21:26:33 EET" name="setUp3" finished-at="2020-01-30T21:26:33 EET" duration-ms="0" status="PASS">
          <reporter-output>
          </reporter-output>
        </test-method> <!-- setUp3 -->
        <test-method signature="demoTest()[pri:2, instance:ua.alesandrahvozdenko.tests.testNG.TestDemo@35841320]" started-at="2020-01-30T21:26:33 EET" name="demoTest" finished-at="2020-01-30T21:26:33 EET" duration-ms="26" status="PASS">
          <reporter-output>
          </reporter-output>
        </test-method> <!-- demoTest -->
        <test-method is-config="true" signature="tearDoow()[pri:0, instance:ua.alesandrahvozdenko.tests.testNG.TestDemo@35841320]" started-at="2020-01-30T21:26:33 EET" name="tearDoow" finished-at="2020-01-30T21:26:33 EET" duration-ms="1" status="PASS">
          <reporter-output>
          </reporter-output>
        </test-method> <!-- tearDoow -->
        <test-method signature="demoTest2()[pri:2, instance:ua.alesandrahvozdenko.tests.testNG.TestDemo@35841320]" started-at="2020-01-30T21:26:33 EET" name="demoTest2" finished-at="2020-01-30T21:26:33 EET" duration-ms="1" status="PASS">
          <reporter-output>
          </reporter-output>
        </test-method> <!-- demoTest2 -->
        <test-method is-config="true" signature="setUp3()[pri:0, instance:ua.alesandrahvozdenko.tests.testNG.TestDemo@35841320]" started-at="2020-01-30T21:26:33 EET" name="setUp3" finished-at="2020-01-30T21:26:33 EET" duration-ms="0" status="PASS">
          <reporter-output>
          </reporter-output>
        </test-method> <!-- setUp3 -->
        <test-method is-config="true" signature="tearDoow()[pri:0, instance:ua.alesandrahvozdenko.tests.testNG.TestDemo@35841320]" started-at="2020-01-30T21:26:33 EET" name="tearDoow" finished-at="2020-01-30T21:26:33 EET" duration-ms="0" status="PASS">
          <reporter-output>
          </reporter-output>
        </test-method> <!-- tearDoow -->
      </class> <!-- ua.alesandrahvozdenko.tests.testNG.TestDemo -->
      <class name="ua.alesandrahvozdenko.tests.simpleSelenium.SeleniumDemoTest">
        <test-method signature="test1()[pri:0, instance:ua.alesandrahvozdenko.tests.simpleSelenium.SeleniumDemoTest@7ae0a9ec]" started-at="2020-01-30T21:26:12 EET" name="test1" finished-at="2020-01-30T21:26:33 EET" duration-ms="20768" status="FAIL">
          <exception class="org.openqa.selenium.WebDriverException">
            <message>
              <![CDATA[Timed out waiting for driver server to start.
Build info: version: '3.141.59', revision: 'e82be7d358', time: '2018-11-14T08:17:03'
System info: host: 'MacBook-Air-Alexandra.local', ip: 'fe80:0:0:0:c20:9c05:3345:137a%en0', os.name: 'Mac OS X', os.arch: 'x86_64', os.version: '10.15.2', java.version: '13.0.2'
Driver info: driver.version: ChromeDriver]]>
            </message>
            <full-stacktrace>
              <![CDATA[org.openqa.selenium.WebDriverException: Timed out waiting for driver server to start.
Build info: version: '3.141.59', revision: 'e82be7d358', time: '2018-11-14T08:17:03'
System info: host: 'MacBook-Air-Alexandra.local', ip: 'fe80:0:0:0:c20:9c05:3345:137a%en0', os.name: 'Mac OS X', os.arch: 'x86_64', os.version: '10.15.2', java.version: '13.0.2'
Driver info: driver.version: ChromeDriver
at org.openqa.selenium.remote.service.DriverService.waitUntilAvailable(DriverService.java:202)
at org.openqa.selenium.remote.service.DriverService.start(DriverService.java:188)
at org.openqa.selenium.remote.service.DriverCommandExecutor.execute(DriverCommandExecutor.java:79)
at org.openqa.selenium.remote.RemoteWebDriver.execute(RemoteWebDriver.java:552)
at org.openqa.selenium.remote.RemoteWebDriver.startSession(RemoteWebDriver.java:213)
at org.openqa.selenium.remote.RemoteWebDriver.<init>(RemoteWebDriver.java:131)
at org.openqa.selenium.chrome.ChromeDriver.<init>(ChromeDriver.java:181)
at org.openqa.selenium.chrome.ChromeDriver.<init>(ChromeDriver.java:168)
at org.openqa.selenium.chrome.ChromeDriver.<init>(ChromeDriver.java:123)
at ua.alesandrahvozdenko.tests.simpleSelenium.SeleniumDemoTest.test1(SeleniumDemoTest.java:11)
at java.base/jdk.internal.reflect.NativeMethodAccessorImpl.invoke0(Native Method)
at java.base/jdk.internal.reflect.NativeMethodAccessorImpl.invoke(NativeMethodAccessorImpl.java:62)
at java.base/jdk.internal.reflect.DelegatingMethodAccessorImpl.invoke(DelegatingMethodAccessorImpl.java:43)
at java.base/java.lang.reflect.Method.invoke(Method.java:567)
at org.testng.internal.MethodInvocationHelper.invokeMethod(MethodInvocationHelper.java:134)
at org.testng.internal.TestInvoker.invokeMethod(TestInvoker.java:597)
at org.testng.internal.TestInvoker.invokeTestMethod(TestInvoker.java:173)
at org.testng.internal.MethodRunner.runInSequence(MethodRunner.java:46)
at org.testng.internal.TestInvoker$MethodInvocationAgent.invoke(TestInvoker.java:816)
at org.testng.internal.TestInvoker.invokeTestMethods(TestInvoker.java:146)
at org.testng.internal.TestMethodWorker.invokeTestMethods(TestMethodWorker.java:146)
at org.testng.internal.TestMethodWorker.run(TestMethodWorker.java:128)
at java.base/java.util.ArrayList.forEach(ArrayList.java:1507)
at org.testng.TestRunner.privateRun(TestRunner.java:766)
at org.testng.TestRunner.run(TestRunner.java:587)
at org.testng.SuiteRunner.runTest(SuiteRunner.java:384)
at org.testng.SuiteRunner.runSequentially(SuiteRunner.java:378)
at org.testng.SuiteRunner.privateRun(SuiteRunner.java:337)
at org.testng.SuiteRunner.run(SuiteRunner.java:286)
at org.testng.SuiteRunnerWorker.runSuite(SuiteRunnerWorker.java:53)
at org.testng.SuiteRunnerWorker.run(SuiteRunnerWorker.java:96)
at org.testng.TestNG.runSuitesSequentially(TestNG.java:1187)
at org.testng.TestNG.runSuitesLocally(TestNG.java:1109)
at org.testng.TestNG.runSuites(TestNG.java:1039)
at org.testng.TestNG.run(TestNG.java:1007)
at org.apache.maven.surefire.testng.TestNGExecutor.run(TestNGExecutor.java:77)
at org.apache.maven.surefire.testng.TestNGDirectoryTestSuite.executeMulti(TestNGDirectoryTestSuite.java:159)
at org.apache.maven.surefire.testng.TestNGDirectoryTestSuite.execute(TestNGDirectoryTestSuite.java:99)
at org.apache.maven.surefire.testng.TestNGProvider.invoke(TestNGProvider.java:106)
at java.base/jdk.internal.reflect.NativeMethodAccessorImpl.invoke0(Native Method)
at java.base/jdk.internal.reflect.NativeMethodAccessorImpl.invoke(NativeMethodAccessorImpl.java:62)
at java.base/jdk.internal.reflect.DelegatingMethodAccessorImpl.invoke(DelegatingMethodAccessorImpl.java:43)
at java.base/java.lang.reflect.Method.invoke(Method.java:567)
at org.apache.maven.surefire.util.ReflectionUtils.invokeMethodWithArray(ReflectionUtils.java:189)
at org.apache.maven.surefire.booter.ProviderFactory$ProviderProxy.invoke(ProviderFactory.java:165)
at org.apache.maven.surefire.booter.ProviderFactory.invokeProvider(ProviderFactory.java:85)
at org.apache.maven.surefire.booter.ForkedBooter.runSuitesInProcess(ForkedBooter.java:115)
at org.apache.maven.surefire.booter.ForkedBooter.main(ForkedBooter.java:75)
Caused by: org.openqa.selenium.net.UrlChecker$TimeoutException: Timed out waiting for [http://localhost:10808/status] to be available after 20007 ms
at org.openqa.selenium.net.UrlChecker.waitUntilAvailable(UrlChecker.java:100)
at org.openqa.selenium.remote.service.DriverService.waitUntilAvailable(DriverService.java:197)
... 47 more
Caused by: java.util.concurrent.TimeoutException
at java.base/java.util.concurrent.FutureTask.get(FutureTask.java:204)
at com.google.common.util.concurrent.SimpleTimeLimiter.callWithTimeout(SimpleTimeLimiter.java:156)
at org.openqa.selenium.net.UrlChecker.waitUntilAvailable(UrlChecker.java:75)
... 48 more
]]>
            </full-stacktrace>
          </exception> <!-- org.openqa.selenium.WebDriverException -->
          <reporter-output>
          </reporter-output>
        </test-method> <!-- test1 -->
      </class> <!-- ua.alesandrahvozdenko.tests.simpleSelenium.SeleniumDemoTest -->
      <class name="ua.alesandrahvozdenko.tests.testNG.TestDemo2">
        <test-method is-config="true" signature="setUp()[pri:0, instance:ua.alesandrahvozdenko.tests.testNG.TestDemo2@1972e513]" started-at="2020-01-30T21:26:12 EET" name="setUp" finished-at="2020-01-30T21:26:12 EET" duration-ms="12" status="PASS">
          <reporter-output>
          </reporter-output>
        </test-method> <!-- setUp -->
        <test-method is-config="true" signature="setUp2()[pri:0, instance:ua.alesandrahvozdenko.tests.testNG.TestDemo2@1972e513]" started-at="2020-01-30T21:26:33 EET" name="setUp2" finished-at="2020-01-30T21:26:33 EET" duration-ms="0" status="PASS">
          <reporter-output>
          </reporter-output>
        </test-method> <!-- setUp2 -->
        <test-method signature="myTest()[pri:0, instance:ua.alesandrahvozdenko.tests.testNG.TestDemo2@1972e513]" started-at="2020-01-30T21:26:33 EET" name="myTest" finished-at="2020-01-30T21:26:33 EET" duration-ms="0" status="PASS">
          <reporter-output>
          </reporter-output>
        </test-method> <!-- myTest -->
        <test-method is-config="true" signature="setUp3()[pri:0, instance:ua.alesandrahvozdenko.tests.testNG.TestDemo2@1972e513]" started-at="2020-01-30T21:26:33 EET" name="setUp3" finished-at="2020-01-30T21:26:33 EET" duration-ms="0" status="PASS">
          <reporter-output>
          </reporter-output>
        </test-method> <!-- setUp3 -->
        <test-method is-config="true" signature="tearDoow()[pri:0, instance:ua.alesandrahvozdenko.tests.testNG.TestDemo2@1972e513]" started-at="2020-01-30T21:26:33 EET" name="tearDoow" finished-at="2020-01-30T21:26:33 EET" duration-ms="0" status="PASS">
          <reporter-output>
          </reporter-output>
        </test-method> <!-- tearDoow -->
      </class> <!-- ua.alesandrahvozdenko.tests.testNG.TestDemo2 -->
    </test> <!-- Command line test -->
  </suite> <!-- Command line suite -->
</testng-results>
